2018/08/05 17:58:29 INFO  - jmeter.util.JMeterUtils: Setting Locale to en_US 
2018/08/05 17:58:29 INFO  - jmeter.JMeter: Loading user properties from: /Users/gomezsso/Documents/dissertation_evaluation/SCARF-Evaluation/wikipedia_workload/jmeter_loader/jmeter/bin/user.properties 
2018/08/05 17:58:29 INFO  - jmeter.JMeter: Loading system properties from: /Users/gomezsso/Documents/dissertation_evaluation/SCARF-Evaluation/wikipedia_workload/jmeter_loader/jmeter/bin/system.properties 
2018/08/05 17:58:29 INFO  - jmeter.JMeter: Copyright (c) 1998-2013 The Apache Software Foundation 
2018/08/05 17:58:29 INFO  - jmeter.JMeter: Version 2.9 r1437961 
2018/08/05 17:58:29 INFO  - jmeter.JMeter: java.version=1.8.0_101 
2018/08/05 17:58:29 INFO  - jmeter.JMeter: java.vm.name=Java HotSpot(TM) 64-Bit Server VM 
2018/08/05 17:58:29 INFO  - jmeter.JMeter: os.name=Mac OS X 
2018/08/05 17:58:29 INFO  - jmeter.JMeter: os.arch=x86_64 
2018/08/05 17:58:29 INFO  - jmeter.JMeter: os.version=10.11.6 
2018/08/05 17:58:29 INFO  - jmeter.JMeter: file.encoding=UTF-8 
2018/08/05 17:58:29 INFO  - jmeter.JMeter: Default Locale=English (United States) 
2018/08/05 17:58:29 INFO  - jmeter.JMeter: JMeter  Locale=English (United States) 
2018/08/05 17:58:29 INFO  - jmeter.JMeter: JMeterHome=/Users/gomezsso/Documents/dissertation_evaluation/SCARF-Evaluation/wikipedia_workload/jmeter_loader/jmeter 
2018/08/05 17:58:29 INFO  - jmeter.JMeter: user.dir  =/Users/gomezsso/Documents/dissertation_evaluation/SCARF-Evaluation/wikipedia_workload/jmeter_loader/jmeter/bin 
2018/08/05 17:58:29 INFO  - jmeter.JMeter: PWD       =/Users/gomezsso/Documents/dissertation_evaluation/SCARF-Evaluation/wikipedia_workload/jmeter_loader/jmeter/bin 
2018/08/05 17:58:29 INFO  - jmeter.JMeter: IP: 10.1.1.44 Name: Santiagos-MBP.wlan.local FullName: 10.1.1.44 
2018/08/05 17:58:29 INFO  - jmeter.JMeter: Loaded icon properties from org/apache/jmeter/images/icon.properties 
2018/08/05 17:58:30 INFO  - jmeter.engine.util.CompoundVariable: Note: Function class names must contain the string: '.functions.' 
2018/08/05 17:58:30 INFO  - jmeter.engine.util.CompoundVariable: Note: Function class names must not contain the string: '.gui.' 
2018/08/05 17:58:30 INFO  - jmeter.gui.action.LookAndFeelCommand: Using look and feel: com.apple.laf.AquaLookAndFeel [Mac OS X, System] 
2018/08/05 17:58:31 INFO  - jmeter.util.BSFTestElement: Registering JMeter version of JavaScript engine as work-round for BSF-22 
2018/08/05 17:58:31 INFO  - jmeter.protocol.http.sampler.HTTPSamplerBase: Cannot find .className property for htmlParser, using default 
2018/08/05 17:58:31 INFO  - jmeter.protocol.http.sampler.HTTPSamplerBase: Parser for text/html is  
2018/08/05 17:58:31 INFO  - jmeter.protocol.http.sampler.HTTPSamplerBase: Parser for application/xhtml+xml is  
2018/08/05 17:58:31 INFO  - jmeter.protocol.http.sampler.HTTPSamplerBase: Parser for application/xml is  
2018/08/05 17:58:31 INFO  - jmeter.protocol.http.sampler.HTTPSamplerBase: Parser for text/xml is  
2018/08/05 17:58:31 INFO  - jmeter.protocol.http.sampler.HTTPSamplerBase: Parser for text/vnd.wap.wml is org.apache.jmeter.protocol.http.parser.RegexpHTMLParser 
2018/08/05 17:58:31 INFO  - jmeter.protocol.http.sampler.HTTPSamplerBase: Reuse SSL session context on subsequent iterations: true 
2018/08/05 17:58:31 INFO  - jmeter.gui.util.MenuFactory: Skipping org.apache.jmeter.protocol.http.modifier.gui.ParamModifierGui 
2018/08/05 17:58:32 INFO  - jmeter.samplers.SampleResult: Note: Sample TimeStamps are START times 
2018/08/05 17:58:32 INFO  - jmeter.samplers.SampleResult: sampleresult.default.encoding is set to ISO-8859-1 
2018/08/05 17:58:32 INFO  - jmeter.samplers.SampleResult: sampleresult.useNanoTime=true 
2018/08/05 17:58:32 INFO  - jmeter.samplers.SampleResult: sampleresult.nanoThreadSleep=5000 
2018/08/05 17:59:00 INFO  - jmeter.services.FileServer: Default base='/Users/gomezsso/Documents/dissertation_evaluation/SCARF-Evaluation/wikipedia_workload/jmeter_loader/jmeter/bin' 
2018/08/05 17:59:00 INFO  - jmeter.gui.action.Load: Loading file: /Users/gomezsso/Documents/students/masterThesis/Sherif_Yassin-Chor_Placement_Cloud/sherif-mohamed-master-thesis/scripts/Scenario Execution Script/Experiments/TestPlan/TestPlanExperiment1LoadDriver.jmx 
2018/08/05 17:59:00 INFO  - jmeter.services.FileServer: Set new base='/Users/gomezsso/Documents/students/masterThesis/Sherif_Yassin-Chor_Placement_Cloud/sherif-mohamed-master-thesis/scripts/Scenario Execution Script/Experiments/TestPlan' 
2018/08/05 17:59:00 INFO  - jmeter.save.SaveService: Testplan (JMX) version: 2.2. Testlog (JTL) version: 2.2 
2018/08/05 17:59:00 INFO  - jmeter.save.SaveService: Using SaveService properties file encoding UTF-8 
2018/08/05 17:59:00 INFO  - jmeter.save.SaveService: Using SaveService properties file version 1427507 
2018/08/05 17:59:00 INFO  - jmeter.save.SaveService: Using SaveService properties version 2.4 
2018/08/05 17:59:00 INFO  - jmeter.save.SaveService: All converter versions present and correct 
2018/08/05 17:59:00 INFO  - jmeter.services.FileServer: Set new base='/Users/gomezsso/Documents/students/masterThesis/Sherif_Yassin-Chor_Placement_Cloud/sherif-mohamed-master-thesis/scripts/Scenario Execution Script/Experiments/TestPlan' 
